<?xml version="1.0" encoding="UTF-8"?>
<!-- Generated by org.testng.reporters.JUnitReportReporter -->
<testsuite hostname="SAI-PC" name="tests.NewTest2" tests="1" failures="0" timestamp="2 Aug 2018 13:23:58 GMT" time="0.007" errors="0">
  <testcase name="f" time="0.007" classname="tests.NewTest2"/>
</testsuite> <!-- tests.NewTest2 -->
