<?xml version="1.0" encoding="UTF-8"?>
<!-- Generated by org.testng.reporters.JUnitReportReporter -->
<testsuite hostname="SAI-PC" name="tests.NewTest" tests="1" failures="0" timestamp="2 Aug 2018 13:23:58 GMT" time="0.002" errors="0">
  <testcase name="f" time="0.002" classname="tests.NewTest"/>
</testsuite> <!-- tests.NewTest -->
