<?xml version="1.0" encoding="UTF-8"?>
<!-- Generated by org.testng.reporters.JUnitReportReporter -->
<testsuite hostname="SAI-PC" name="tests.TestSuite1" tests="1" failures="0" timestamp="8 Aug 2018 13:19:14 GMT" time="7.417" errors="0">
  <testcase name="test1" time="7.417" classname="tests.TestSuite1"/>
</testsuite> <!-- tests.TestSuite1 -->
