<?xml version="1.0" encoding="UTF-8"?>
<!-- Generated by org.testng.reporters.JUnitReportReporter -->
<testsuite hostname="SAI-PC" name="tests.TestSuite3" tests="3" failures="0" timestamp="7 Aug 2018 14:30:35 GMT" time="0.000" errors="0">
  <testcase name="f1" time="0.000" classname="tests.TestSuite3"/>
  <testcase name="f3" time="0.000" classname="tests.TestSuite3"/>
  <testcase name="f2" time="0.000" classname="tests.TestSuite3"/>
</testsuite> <!-- tests.TestSuite3 -->
