<?xml version="1.0" encoding="UTF-8"?>
<!-- Generated by org.testng.reporters.JUnitReportReporter -->
<testsuite hostname="SAI-PC" name="tests.TestSuite1" tests="1" failures="0" timestamp="7 Aug 2018 14:30:35 GMT" time="0.001" errors="0">
  <testcase name="f" time="0.001" classname="tests.TestSuite1"/>
</testsuite> <!-- tests.TestSuite1 -->
