<?xml version="1.0" encoding="UTF-8"?>
<!-- Generated by org.testng.reporters.JUnitReportReporter -->
<testsuite hostname="SAI-PC" name="tests.TestSuite2" tests="1" failures="0" timestamp="7 Aug 2018 14:30:35 GMT" time="0.000" errors="0">
  <testcase name="f" time="0.000" classname="tests.TestSuite2"/>
</testsuite> <!-- tests.TestSuite2 -->
